<?xml version="1.0" encoding="UTF-8"?>
<!-- Generated by org.testng.reporters.JUnitReportReporter -->
<testsuite skipped="0" hostname="DESKTOP-UNRQUMH" name="com.qa.questions.DataDriven" tests="2" failures="0" timestamp="27 Jan 2019 09:43:35 GMT" time="20.646" errors="0">
  <testcase name="mytest" time="11.072" classname="com.qa.questions.DataDriven"/>
  <testcase name="mytest" time="9.574" classname="com.qa.questions.DataDriven"/>
</testsuite> <!-- com.qa.questions.DataDriven -->
