<?xml version="1.0" encoding="UTF-8"?>
<!-- Generated by org.testng.reporters.JUnitReportReporter -->
<testsuite skipped="0" hostname="DESKTOP-UNRQUMH" name="com.qa.questions.test" tests="1" failures="0" timestamp="02 Feb 2019 18:44:50 GMT" time="9.968" errors="0">
  <testcase name="assertcheck" time="9.968" classname="com.qa.questions.test"/>
</testsuite> <!-- com.qa.questions.test -->
