<?xml version="1.0" encoding="UTF-8"?>
<!-- Generated by org.testng.reporters.JUnitReportReporter -->
<testsuite skipped="0" hostname="DESKTOP-UNRQUMH" name="com.qa.questions.SwitchToWindow" tests="5" failures="0" timestamp="27 Jan 2019 09:43:35 GMT" time="91.689" errors="0">
  <testcase name="frames" time="28.552" classname="com.qa.questions.SwitchToWindow"/>
  <testcase name="FileUploadWindow" time="18.025" classname="com.qa.questions.SwitchToWindow"/>
  <testcase name="BrowserPopUp" time="15.646" classname="com.qa.questions.SwitchToWindow"/>
  <testcase name="BrowserTab" time="17.319" classname="com.qa.questions.SwitchToWindow"/>
  <testcase name="JavaAlert" time="12.147" classname="com.qa.questions.SwitchToWindow"/>
</testsuite> <!-- com.qa.questions.SwitchToWindow -->
