<?xml version="1.0" encoding="UTF-8"?>
<!-- Generated by org.testng.reporters.JUnitReportReporter -->
<testsuite skipped="0" hostname="DESKTOP-UNRQUMH" name="com.qa.questions.Assert" tests="1" failures="0" timestamp="07 Jan 2019 16:17:23 GMT" time="11.015" errors="0">
  <testcase name="assertcheck" time="11.015" classname="com.qa.questions.Assert"/>
</testsuite> <!-- com.qa.questions.Assert -->
