<?xml version="1.0" encoding="UTF-8"?>
<!-- Generated by org.testng.reporters.JUnitReportReporter -->
<testsuite skipped="0" hostname="DESKTOP-UNRQUMH" name="com.qa.questions.WebTableHandle" tests="1" failures="0" timestamp="27 Jan 2019 09:54:00 GMT" time="16.167" errors="0">
  <testcase name="webtable" time="16.167" classname="com.qa.questions.WebTableHandle"/>
</testsuite> <!-- com.qa.questions.WebTableHandle -->
