<?xml version="1.0" encoding="UTF-8"?>
<!-- Generated by org.testng.reporters.JUnitReportReporter -->
<testsuite skipped="0" hostname="DESKTOP-UNRQUMH" name="com.qa.questions.SelectClass" tests="2" failures="0" timestamp="01 Feb 2019 00:54:34 GMT" time="34.290" errors="0">
  <testcase name="DropDown" time="17.725" classname="com.qa.questions.SelectClass"/>
  <testcase name="MultipleDropDown" time="16.565" classname="com.qa.questions.SelectClass"/>
</testsuite> <!-- com.qa.questions.SelectClass -->
