<?xml version="1.0" encoding="UTF-8"?>
<!-- Generated by org.testng.reporters.JUnitReportReporter -->
<testsuite skipped="0" hostname="DESKTOP-UNRQUMH" name="com.qa.questions.Asserttest" tests="1" failures="0" timestamp="03 Feb 2019 06:54:59 GMT" time="10.034" errors="0">
  <testcase name="assertcheck" time="10.034" classname="com.qa.questions.Asserttest"/>
</testsuite> <!-- com.qa.questions.Asserttest -->
