<?xml version="1.0" encoding="UTF-8"?>
<!-- Generated by org.testng.reporters.JUnitReportReporter -->
<testsuite skipped="0" hostname="DESKTOP-UNRQUMH" name="com.qa.questions.SelectClass" tests="2" failures="0" timestamp="03 Feb 2019 06:54:59 GMT" time="27.848" errors="0">
  <testcase name="DropDown" time="13.478" classname="com.qa.questions.SelectClass"/>
  <testcase name="MultipleDropDown" time="14.370" classname="com.qa.questions.SelectClass"/>
</testsuite> <!-- com.qa.questions.SelectClass -->
