<?xml version="1.0" encoding="UTF-8"?>
<!-- Generated by org.testng.reporters.JUnitReportReporter -->
<testsuite skipped="0" hostname="DESKTOP-UNRQUMH" name="com.qa.questions.Asserttest" tests="1" failures="0" timestamp="01 Feb 2019 00:54:34 GMT" time="18.052" errors="0">
  <testcase name="assertcheck" time="18.052" classname="com.qa.questions.Asserttest"/>
</testsuite> <!-- com.qa.questions.Asserttest -->
