<?xml version="1.0" encoding="UTF-8"?>
<!-- Generated by org.testng.reporters.JUnitReportReporter -->
<testsuite skipped="0" hostname="DESKTOP-UNRQUMH" name="com.qa.questions.Asserttest" tests="1" failures="0" timestamp="02 Feb 2019 19:21:34 GMT" time="11.298" errors="0">
  <testcase name="assertcheck" time="11.298" classname="com.qa.questions.Asserttest"/>
</testsuite> <!-- com.qa.questions.Asserttest -->
