<?xml version="1.0" encoding="UTF-8"?>
<!-- Generated by org.testng.reporters.JUnitReportReporter -->
<testsuite skipped="0" hostname="DESKTOP-UNRQUMH" name="com.qa.questions.ActionsClass" tests="2" failures="0" timestamp="06 Jan 2019 16:58:34 GMT" time="44.841" errors="0">
  <testcase name="MouseHover" time="27.140" classname="com.qa.questions.ActionsClass"/>
  <testcase name="DragAndDrop" time="17.701" classname="com.qa.questions.ActionsClass"/>
</testsuite> <!-- com.qa.questions.ActionsClass -->
