<?xml version="1.0" encoding="UTF-8"?>
<!-- Generated by org.testng.reporters.JUnitReportReporter -->
<testsuite skipped="0" hostname="DESKTOP-UNRQUMH" name="com.qa.questions.WebTableHandle" tests="2" failures="0" timestamp="02 Feb 2019 19:21:34 GMT" time="19.110" errors="0">
  <testcase name="dynamicwebelementMethod2" time="7.172" classname="com.qa.questions.WebTableHandle"/>
  <testcase name="webtable" time="11.938" classname="com.qa.questions.WebTableHandle"/>
</testsuite> <!-- com.qa.questions.WebTableHandle -->
