<?xml version="1.0" encoding="UTF-8"?>
<!-- Generated by org.testng.reporters.JUnitReportReporter -->
<testsuite skipped="0" hostname="DESKTOP-UNRQUMH" name="com.qa.questions.WebTableHandle" tests="2" failures="0" timestamp="03 Feb 2019 06:54:59 GMT" time="19.327" errors="0">
  <testcase name="dynamicwebelementMethod2" time="6.245" classname="com.qa.questions.WebTableHandle"/>
  <testcase name="webtable" time="13.082" classname="com.qa.questions.WebTableHandle"/>
</testsuite> <!-- com.qa.questions.WebTableHandle -->
