<?xml version="1.0" encoding="UTF-8"?>
<!-- Generated by org.testng.reporters.JUnitReportReporter -->
<testsuite skipped="0" hostname="DESKTOP-UNRQUMH" name="com.qa.questions.exceptions" tests="4" failures="0" timestamp="01 Feb 2019 00:54:34 GMT" time="233.268" errors="0">
  <testcase name="NoSuchFrameException" time="62.126" classname="com.qa.questions.exceptions"/>
  <testcase name="NoSuchElementException" time="28.447" classname="com.qa.questions.exceptions"/>
  <testcase name="ElementNotVisibleException" time="42.114" classname="com.qa.questions.exceptions"/>
  <testcase name="StaleElementRefereneException" time="100.581" classname="com.qa.questions.exceptions"/>
</testsuite> <!-- com.qa.questions.exceptions -->
