<?xml version="1.0" encoding="UTF-8"?>
<!-- Generated by org.testng.reporters.JUnitReportReporter -->
<testsuite skipped="0" hostname="DESKTOP-UNRQUMH" name="com.qa.questions.MultipleWindows" tests="5" failures="0" timestamp="02 Feb 2019 19:21:34 GMT" time="71.824" errors="0">
  <testcase name="JavaAlert" time="9.689" classname="com.qa.questions.MultipleWindows"/>
  <testcase name="frames" time="20.882" classname="com.qa.questions.MultipleWindows"/>
  <testcase name="BrowserPopUp" time="13.748" classname="com.qa.questions.MultipleWindows"/>
  <testcase name="FileUploadWindow" time="6.967" classname="com.qa.questions.MultipleWindows"/>
  <testcase name="BrowserTab" time="20.538" classname="com.qa.questions.MultipleWindows"/>
</testsuite> <!-- com.qa.questions.MultipleWindows -->
