<?xml version="1.0" encoding="UTF-8"?>
<!-- Generated by org.testng.reporters.JUnitReportReporter -->
<testsuite skipped="0" hostname="DESKTOP-UNRQUMH" name="com.qa.questions.exceptions" tests="4" failures="0" timestamp="02 Feb 2019 19:21:34 GMT" time="102.156" errors="0">
  <testcase name="StaleElementRefereneException" time="27.997" classname="com.qa.questions.exceptions"/>
  <testcase name="NoSuchFrameException" time="30.802" classname="com.qa.questions.exceptions"/>
  <testcase name="ElementNotVisibleException" time="20.429" classname="com.qa.questions.exceptions"/>
  <testcase name="NoSuchElementException" time="22.928" classname="com.qa.questions.exceptions"/>
</testsuite> <!-- com.qa.questions.exceptions -->
