<?xml version="1.0" encoding="UTF-8"?>
<!-- Generated by org.testng.reporters.JUnitReportReporter -->
<testsuite skipped="0" hostname="DESKTOP-UNRQUMH" name="com.qa.questions.Log4jAPI" tests="2" failures="0" timestamp="27 Jan 2019 09:43:35 GMT" time="5.951" errors="0">
  <testcase name="TearDown" time="2.136" classname="com.qa.questions.Log4jAPI"/>
  <testcase name="LaunchBrowser" time="3.815" classname="com.qa.questions.Log4jAPI"/>
</testsuite> <!-- com.qa.questions.Log4jAPI -->
