<?xml version="1.0" encoding="UTF-8"?>
<!-- Generated by org.testng.reporters.JUnitReportReporter -->
<testsuite skipped="0" hostname="DESKTOP-UNRQUMH" name="com.qa.questions.ActionsClass" tests="2" failures="0" timestamp="02 Feb 2019 19:21:34 GMT" time="31.817" errors="0">
  <testcase name="MouseHover" time="20.582" classname="com.qa.questions.ActionsClass"/>
  <testcase name="DragAndDrop" time="11.235" classname="com.qa.questions.ActionsClass"/>
</testsuite> <!-- com.qa.questions.ActionsClass -->
