<?xml version="1.0" encoding="UTF-8"?>
<!-- Generated by org.testng.reporters.JUnitReportReporter -->
<testsuite skipped="0" hostname="DESKTOP-UNRQUMH" name="com.qa.questions.ActionsClass" tests="2" failures="0" timestamp="27 Jan 2019 09:43:35 GMT" time="37.572" errors="0">
  <testcase name="MouseHover" time="27.434" classname="com.qa.questions.ActionsClass"/>
  <testcase name="DragAndDrop" time="10.138" classname="com.qa.questions.ActionsClass"/>
</testsuite> <!-- com.qa.questions.ActionsClass -->
