<?xml version="1.0" encoding="UTF-8"?>
<!-- Generated by org.testng.reporters.JUnitReportReporter -->
<testsuite skipped="0" hostname="DESKTOP-UNRQUMH" name="com.qa.questions.zahid" tests="3" failures="0" timestamp="02 Feb 2019 19:21:34 GMT" time="71.171" errors="0">
  <testcase name="scrolldowntoelement" time="41.135" classname="com.qa.questions.zahid"/>
  <testcase name="scrolldown" time="15.829" classname="com.qa.questions.zahid"/>
  <testcase name="scrollup" time="14.207" classname="com.qa.questions.zahid"/>
</testsuite> <!-- com.qa.questions.zahid -->
