<?xml version="1.0" encoding="UTF-8"?>
<!-- Generated by org.testng.reporters.JUnitReportReporter -->
<testsuite skipped="0" hostname="DESKTOP-UNRQUMH" name="com.qa.questions.DataDriven" tests="2" failures="0" timestamp="03 Feb 2019 06:54:59 GMT" time="14.100" errors="0">
  <testcase name="mytest" time="7.119" classname="com.qa.questions.DataDriven"/>
  <testcase name="mytest" time="6.981" classname="com.qa.questions.DataDriven"/>
</testsuite> <!-- com.qa.questions.DataDriven -->
