<?xml version="1.0" encoding="UTF-8"?>
<!-- Generated by org.testng.reporters.JUnitReportReporter -->
<testsuite skipped="0" hostname="DESKTOP-UNRQUMH" name="com.qa.questions.SelectClass" tests="2" failures="0" timestamp="07 Jan 2019 16:01:42 GMT" time="37.614" errors="0">
  <testcase name="MultipleDropDown" time="21.678" classname="com.qa.questions.SelectClass"/>
  <testcase name="DropDown" time="15.936" classname="com.qa.questions.SelectClass"/>
</testsuite> <!-- com.qa.questions.SelectClass -->
