<?xml version="1.0" encoding="UTF-8"?>
<!-- Generated by org.testng.reporters.JUnitReportReporter -->
<testsuite skipped="0" hostname="DESKTOP-UNRQUMH" name="com.qa.questions.DataDriven" tests="2" failures="0" timestamp="20 Jan 2019 00:30:26 GMT" time="21.617" errors="0">
  <testcase name="mytest" time="12.812" classname="com.qa.questions.DataDriven"/>
  <testcase name="mytest" time="8.805" classname="com.qa.questions.DataDriven"/>
</testsuite> <!-- com.qa.questions.DataDriven -->
