<?xml version="1.0" encoding="UTF-8"?>
<!-- Generated by org.testng.reporters.JUnitReportReporter -->
<testsuite skipped="0" hostname="DESKTOP-UNRQUMH" name="com.qa.questions.SelectClass" tests="2" failures="0" timestamp="27 Jan 2019 09:43:35 GMT" time="27.871" errors="0">
  <testcase name="DropDown" time="14.006" classname="com.qa.questions.SelectClass"/>
  <testcase name="MultipleDropDown" time="13.865" classname="com.qa.questions.SelectClass"/>
</testsuite> <!-- com.qa.questions.SelectClass -->
