<?xml version="1.0" encoding="UTF-8"?>
<!-- Generated by org.testng.reporters.JUnitReportReporter -->
<testsuite skipped="0" hostname="DESKTOP-UNRQUMH" name="com.qa.questions.exceptions" tests="4" failures="0" timestamp="03 Feb 2019 06:54:59 GMT" time="102.958" errors="0">
  <testcase name="ElementNotVisibleException" time="21.947" classname="com.qa.questions.exceptions"/>
  <testcase name="StaleElementRefereneException" time="28.951" classname="com.qa.questions.exceptions"/>
  <testcase name="NoSuchFrameException" time="33.527" classname="com.qa.questions.exceptions"/>
  <testcase name="NoSuchElementException" time="18.533" classname="com.qa.questions.exceptions"/>
</testsuite> <!-- com.qa.questions.exceptions -->
