<?xml version="1.0" encoding="UTF-8"?>
<!-- Generated by org.testng.reporters.JUnitReportReporter -->
<testsuite skipped="0" hostname="DESKTOP-UNRQUMH" name="com.qa.questions.SwitchToWindow" tests="5" failures="0" timestamp="07 Jan 2019 03:38:28 GMT" time="92.546" errors="0">
  <testcase name="JavaAlert" time="9.528" classname="com.qa.questions.SwitchToWindow"/>
  <testcase name="BrowserPopUp" time="17.236" classname="com.qa.questions.SwitchToWindow"/>
  <testcase name="BrowserTab" time="22.042" classname="com.qa.questions.SwitchToWindow"/>
  <testcase name="FileUploadWindow" time="21.081" classname="com.qa.questions.SwitchToWindow"/>
  <testcase name="frames" time="22.659" classname="com.qa.questions.SwitchToWindow"/>
</testsuite> <!-- com.qa.questions.SwitchToWindow -->
