<?xml version="1.0" encoding="UTF-8"?>
<!-- Generated by org.testng.reporters.JUnitReportReporter -->
<testsuite skipped="0" hostname="DESKTOP-UNRQUMH" name="com.qa.questions.SwitchToWindow" tests="5" failures="0" timestamp="01 Feb 2019 00:54:34 GMT" time="84.259" errors="0">
  <testcase name="BrowserTab" time="15.185" classname="com.qa.questions.SwitchToWindow"/>
  <testcase name="FileUploadWindow" time="19.406" classname="com.qa.questions.SwitchToWindow"/>
  <testcase name="JavaAlert" time="9.608" classname="com.qa.questions.SwitchToWindow"/>
  <testcase name="frames" time="27.416" classname="com.qa.questions.SwitchToWindow"/>
  <testcase name="BrowserPopUp" time="12.644" classname="com.qa.questions.SwitchToWindow"/>
</testsuite> <!-- com.qa.questions.SwitchToWindow -->
