<?xml version="1.0" encoding="UTF-8"?>
<!-- Generated by org.testng.reporters.JUnitReportReporter -->
<testsuite skipped="0" hostname="DESKTOP-UNRQUMH" name="com.qa.questions.Log4jAPI" tests="2" failures="0" timestamp="03 Feb 2019 06:54:59 GMT" time="6.064" errors="0">
  <testcase name="LaunchBrowser" time="3.951" classname="com.qa.questions.Log4jAPI"/>
  <testcase name="TearDown" time="2.113" classname="com.qa.questions.Log4jAPI"/>
</testsuite> <!-- com.qa.questions.Log4jAPI -->
