<?xml version="1.0" encoding="UTF-8"?>
<!-- Generated by org.testng.reporters.JUnitReportReporter -->
<testsuite skipped="0" hostname="DESKTOP-UNRQUMH" name="com.qa.questions.WenTableHandle" tests="1" failures="0" timestamp="20 Jan 2019 19:08:54 GMT" time="13.426" errors="0">
  <testcase name="webtable" time="13.426" classname="com.qa.questions.WenTableHandle"/>
</testsuite> <!-- com.qa.questions.WenTableHandle -->
