<?xml version="1.0" encoding="UTF-8"?>
<!-- Generated by org.testng.reporters.JUnitReportReporter -->
<testsuite skipped="0" hostname="DESKTOP-UNRQUMH" name="com.qa.questions.MultipleWindows" tests="5" failures="0" timestamp="03 Feb 2019 06:54:59 GMT" time="73.527" errors="0">
  <testcase name="BrowserPopUp" time="13.765" classname="com.qa.questions.MultipleWindows"/>
  <testcase name="BrowserTab" time="14.086" classname="com.qa.questions.MultipleWindows"/>
  <testcase name="FileUploadWindow" time="15.956" classname="com.qa.questions.MultipleWindows"/>
  <testcase name="JavaAlert" time="11.565" classname="com.qa.questions.MultipleWindows"/>
  <testcase name="frames" time="18.155" classname="com.qa.questions.MultipleWindows"/>
</testsuite> <!-- com.qa.questions.MultipleWindows -->
