<?xml version="1.0" encoding="UTF-8"?>
<!-- Generated by org.testng.reporters.JUnitReportReporter -->
<testsuite skipped="0" hostname="DESKTOP-UNRQUMH" name="com.qa.questions.ActionsClass" tests="2" failures="0" timestamp="03 Feb 2019 06:54:59 GMT" time="27.292" errors="0">
  <testcase name="MouseHover" time="15.337" classname="com.qa.questions.ActionsClass"/>
  <testcase name="DragAndDrop" time="11.955" classname="com.qa.questions.ActionsClass"/>
</testsuite> <!-- com.qa.questions.ActionsClass -->
