<?xml version="1.0" encoding="UTF-8"?>
<!-- Generated by org.testng.reporters.JUnitReportReporter -->
<testsuite skipped="0" hostname="DESKTOP-UNRQUMH" name="com.qa.questions.Log4jAPI" tests="2" failures="0" timestamp="01 Feb 2019 00:54:34 GMT" time="13.965" errors="0">
  <testcase name="LaunchBrowser" time="10.489" classname="com.qa.questions.Log4jAPI"/>
  <testcase name="TearDown" time="3.476" classname="com.qa.questions.Log4jAPI"/>
</testsuite> <!-- com.qa.questions.Log4jAPI -->
