<?xml version="1.0" encoding="UTF-8"?>
<!-- Generated by org.testng.reporters.JUnitReportReporter -->
<testsuite skipped="0" hostname="DESKTOP-UNRQUMH" name="com.qa.questions.DataDriven" tests="2" failures="0" timestamp="01 Feb 2019 00:54:34 GMT" time="41.886" errors="0">
  <testcase name="mytest" time="19.023" classname="com.qa.questions.DataDriven"/>
  <testcase name="mytest" time="22.863" classname="com.qa.questions.DataDriven"/>
</testsuite> <!-- com.qa.questions.DataDriven -->
