<?xml version="1.0" encoding="UTF-8"?>
<!-- Generated by org.testng.reporters.JUnitReportReporter -->
<testsuite skipped="0" hostname="DESKTOP-UNRQUMH" name="com.qa.questions.JavaScriptExecutor" tests="1" failures="0" timestamp="02 Feb 2019 17:56:53 GMT" time="17.413" errors="0">
  <testcase name="scrolldowntoelement" time="17.413" classname="com.qa.questions.JavaScriptExecutor"/>
</testsuite> <!-- com.qa.questions.JavaScriptExecutor -->
