<?xml version="1.0" encoding="UTF-8"?>
<!-- Generated by org.testng.reporters.JUnitReportReporter -->
<testsuite skipped="0" hostname="DESKTOP-UNRQUMH" name="com.qa.questions.JavaScriptExecutor" tests="3" failures="0" timestamp="29 Jan 2019 03:07:01 GMT" time="68.479" errors="0">
  <testcase name="scrolldowntoelement" time="15.557" classname="com.qa.questions.JavaScriptExecutor"/>
  <testcase name="scrolldown" time="35.463" classname="com.qa.questions.JavaScriptExecutor"/>
  <testcase name="scrollup" time="17.459" classname="com.qa.questions.JavaScriptExecutor"/>
</testsuite> <!-- com.qa.questions.JavaScriptExecutor -->
