<?xml version="1.0" encoding="UTF-8"?>
<!-- Generated by org.testng.reporters.JUnitReportReporter -->
<testsuite skipped="0" hostname="DESKTOP-UNRQUMH" name="com.qa.questions.SelectClass" tests="2" failures="0" timestamp="02 Feb 2019 19:21:34 GMT" time="24.430" errors="0">
  <testcase name="DropDown" time="10.523" classname="com.qa.questions.SelectClass"/>
  <testcase name="MultipleDropDown" time="13.907" classname="com.qa.questions.SelectClass"/>
</testsuite> <!-- com.qa.questions.SelectClass -->
