<?xml version="1.0" encoding="UTF-8"?>
<!-- Generated by org.testng.reporters.JUnitReportReporter -->
<testsuite skipped="0" hostname="DESKTOP-UNRQUMH" name="com.qa.questions.WebTableHandle" tests="2" failures="0" timestamp="22 Jan 2019 02:04:55 GMT" time="24.607" errors="0">
  <testcase name="dynamicwebelementMethod2" time="6.825" classname="com.qa.questions.WebTableHandle"/>
  <testcase name="webtable" time="17.782" classname="com.qa.questions.WebTableHandle"/>
</testsuite> <!-- com.qa.questions.WebTableHandle -->
