<?xml version="1.0" encoding="UTF-8"?>
<!-- Generated by org.testng.reporters.JUnitReportReporter -->
<testsuite skipped="0" hostname="DESKTOP-UNRQUMH" name="com.qa.questions.zahid" tests="3" failures="0" timestamp="03 Feb 2019 06:54:59 GMT" time="41.493" errors="0">
  <testcase name="scrolldowntoelement" time="13.168" classname="com.qa.questions.zahid"/>
  <testcase name="scrolldown" time="13.862" classname="com.qa.questions.zahid"/>
  <testcase name="scrollup" time="14.463" classname="com.qa.questions.zahid"/>
</testsuite> <!-- com.qa.questions.zahid -->
