<?xml version="1.0" encoding="UTF-8"?>
<!-- Generated by org.testng.reporters.JUnitReportReporter -->
<testsuite skipped="0" hostname="DESKTOP-UNRQUMH" name="com.qa.questions.WebTableHandle" tests="2" failures="0" timestamp="01 Feb 2019 00:54:34 GMT" time="24.759" errors="0">
  <testcase name="webtable" time="17.904" classname="com.qa.questions.WebTableHandle"/>
  <testcase name="dynamicwebelementMethod2" time="6.855" classname="com.qa.questions.WebTableHandle"/>
</testsuite> <!-- com.qa.questions.WebTableHandle -->
