<?xml version="1.0" encoding="UTF-8"?>
<!-- Generated by org.testng.reporters.JUnitReportReporter -->
<testsuite skipped="0" hostname="DESKTOP-UNRQUMH" name="com.qa.questions.WebTableHandle" tests="2" failures="0" timestamp="01 Feb 2019 00:38:37 GMT" time="26.143" errors="0">
  <testcase name="dynamicwebelementMethod2" time="10.026" classname="com.qa.questions.WebTableHandle"/>
  <testcase name="webtable" time="16.117" classname="com.qa.questions.WebTableHandle"/>
</testsuite> <!-- com.qa.questions.WebTableHandle -->
