<?xml version="1.0" encoding="UTF-8"?>
<!-- Generated by org.testng.reporters.JUnitReportReporter -->
<testsuite skipped="0" hostname="DESKTOP-UNRQUMH" name="com.qa.questions.Log4jAPI" tests="2" failures="0" timestamp="01 Feb 2019 00:38:36 GMT" time="4.530" errors="0">
  <testcase name="LaunchBrowser" time="4.352" classname="com.qa.questions.Log4jAPI"/>
  <testcase name="TearDown" time="0.178" classname="com.qa.questions.Log4jAPI"/>
</testsuite> <!-- com.qa.questions.Log4jAPI -->
