<?xml version="1.0" encoding="UTF-8"?>
<!-- Generated by org.testng.reporters.JUnitReportReporter -->
<testsuite skipped="0" hostname="DESKTOP-UNRQUMH" name="com.qa.questions.DataDriven" tests="2" failures="0" timestamp="02 Feb 2019 18:30:51 GMT" time="28.859" errors="0">
  <testcase name="mytest" time="19.149" classname="com.qa.questions.DataDriven"/>
  <testcase name="mytest" time="9.710" classname="com.qa.questions.DataDriven"/>
</testsuite> <!-- com.qa.questions.DataDriven -->
