<?xml version="1.0" encoding="UTF-8"?>
<!-- Generated by org.testng.reporters.JUnitReportReporter -->
<testsuite skipped="0" hostname="DESKTOP-UNRQUMH" name="com.qa.questions.exceptions" tests="4" failures="0" timestamp="02 Feb 2019 18:30:51 GMT" time="144.636" errors="0">
  <testcase name="ElementNotVisibleException" time="25.144" classname="com.qa.questions.exceptions"/>
  <testcase name="NoSuchElementException" time="20.228" classname="com.qa.questions.exceptions"/>
  <testcase name="NoSuchFrameException" time="46.322" classname="com.qa.questions.exceptions"/>
  <testcase name="StaleElementRefereneException" time="52.942" classname="com.qa.questions.exceptions"/>
</testsuite> <!-- com.qa.questions.exceptions -->
