<?xml version="1.0" encoding="UTF-8"?>
<!-- Generated by org.testng.reporters.JUnitReportReporter -->
<testsuite skipped="0" hostname="DESKTOP-UNRQUMH" name="com.qa.questions.ActionsClass" tests="2" failures="0" timestamp="02 Feb 2019 18:30:51 GMT" time="39.895" errors="0">
  <testcase name="DragAndDrop" time="14.085" classname="com.qa.questions.ActionsClass"/>
  <testcase name="MouseHover" time="25.810" classname="com.qa.questions.ActionsClass"/>
</testsuite> <!-- com.qa.questions.ActionsClass -->
