<?xml version="1.0" encoding="UTF-8"?>
<!-- Generated by org.testng.reporters.JUnitReportReporter -->
<testsuite skipped="0" hostname="DESKTOP-UNRQUMH" name="com.qa.questions.SelectClass" tests="2" failures="0" timestamp="02 Feb 2019 18:30:51 GMT" time="48.002" errors="0">
  <testcase name="DropDown" time="23.225" classname="com.qa.questions.SelectClass"/>
  <testcase name="MultipleDropDown" time="24.777" classname="com.qa.questions.SelectClass"/>
</testsuite> <!-- com.qa.questions.SelectClass -->
