<?xml version="1.0" encoding="UTF-8"?>
<!-- Generated by org.testng.reporters.JUnitReportReporter -->
<testsuite skipped="0" hostname="DESKTOP-UNRQUMH" name="com.qa.questions.ActionsClass" tests="2" failures="0" timestamp="01 Feb 2019 00:38:37 GMT" time="46.909" errors="0">
  <testcase name="MouseHover" time="37.326" classname="com.qa.questions.ActionsClass"/>
  <testcase name="DragAndDrop" time="9.583" classname="com.qa.questions.ActionsClass"/>
</testsuite> <!-- com.qa.questions.ActionsClass -->
