<?xml version="1.0" encoding="UTF-8"?>
<!-- Generated by org.testng.reporters.JUnitReportReporter -->
<testsuite skipped="0" hostname="DESKTOP-UNRQUMH" name="com.qa.questions.SelectClass" tests="2" failures="0" timestamp="01 Feb 2019 00:38:36 GMT" time="22.151" errors="0">
  <testcase name="DropDown" time="10.952" classname="com.qa.questions.SelectClass"/>
  <testcase name="MultipleDropDown" time="11.199" classname="com.qa.questions.SelectClass"/>
</testsuite> <!-- com.qa.questions.SelectClass -->
