<?xml version="1.0" encoding="UTF-8"?>
<!-- Generated by org.testng.reporters.JUnitReportReporter -->
<testsuite skipped="0" hostname="DESKTOP-UNRQUMH" name="com.qa.questions.Log4jAPI" tests="2" failures="0" timestamp="02 Feb 2019 18:30:51 GMT" time="4.197" errors="0">
  <testcase name="TearDown" time="0.284" classname="com.qa.questions.Log4jAPI"/>
  <testcase name="LaunchBrowser" time="3.913" classname="com.qa.questions.Log4jAPI"/>
</testsuite> <!-- com.qa.questions.Log4jAPI -->
